<?xml version="1.0" encoding="UTF-8"?>
<!-- Generated by org.testng.reporters.JUnitReportReporter -->
<testsuite hostname="Uday" failures="0" tests="1" name="com.DemoBank.TestCases.BankManagerPageTest" time="7.635" errors="0" timestamp="7 Feb 2021 07:23:21 GMT">
  <testcase classname="com.DemoBank.TestCases.BankManagerPageTest" name="AddCustomerTest" time="7.635"/>
</testsuite> <!-- com.DemoBank.TestCases.BankManagerPageTest -->
