<?xml version="1.0" encoding="UTF-8"?>
<!-- Generated by org.testng.reporters.JUnitReportReporter -->
<testsuite hostname="Uday" failures="0" tests="3" name="com.DemoBank.TestCases.LoginPageTestCase" time="15.653" errors="0" timestamp="7 Feb 2021 07:23:21 GMT">
  <testcase classname="com.DemoBank.TestCases.LoginPageTestCase" name="loginPageTitleTest" time="5.139"/>
  <testcase classname="com.DemoBank.TestCases.LoginPageTestCase" name="loginHomePageButtonTest" time="5.738"/>
  <testcase classname="com.DemoBank.TestCases.LoginPageTestCase" name="loginToManagerTest" time="4.776"/>
</testsuite> <!-- com.DemoBank.TestCases.LoginPageTestCase -->
