<?xml version="1.0" encoding="UTF-8"?>
<!-- Generated by org.testng.reporters.JUnitReportReporter -->
<testsuite hostname="Uday" failures="0" tests="3" name="com.DemoBank.TestCases.LoginPageTestCase" time="21.976" errors="0" timestamp="8 Feb 2021 07:06:08 GMT">
  <testcase classname="com.DemoBank.TestCases.LoginPageTestCase" name="loginPageTitleTest" time="11.728"/>
  <testcase classname="com.DemoBank.TestCases.LoginPageTestCase" name="loginHomePageButtonTest" time="5.087"/>
  <testcase classname="com.DemoBank.TestCases.LoginPageTestCase" name="loginToManagerTest" time="5.161"/>
</testsuite> <!-- com.DemoBank.TestCases.LoginPageTestCase -->
