<?xml version="1.0" encoding="UTF-8"?>
<!-- Generated by org.testng.reporters.JUnitReportReporter -->
<testsuite hostname="Uday" failures="0" tests="1" name="com.DemoBank.TestCases.BankManagerPageTest" time="5.823" errors="0" timestamp="8 Feb 2021 07:06:08 GMT">
  <testcase classname="com.DemoBank.TestCases.BankManagerPageTest" name="AddCustomerTest" time="5.823"/>
</testsuite> <!-- com.DemoBank.TestCases.BankManagerPageTest -->
