<?xml version="1.0" encoding="UTF-8"?>
<!-- Generated by org.testng.reporters.JUnitReportReporter -->
<testsuite hostname="Uday" name="com.DemoBank.TestCases.BankManagerPageTest" tests="1" failures="0" timestamp="12 Feb 2021 07:55:53 GMT" time="8.543" errors="0">
  <testcase name="AddCustomerTest" time="8.543" classname="com.DemoBank.TestCases.BankManagerPageTest"/>
</testsuite> <!-- com.DemoBank.TestCases.BankManagerPageTest -->
